// 重构日志: 6edcce92
// 重构日志: b59fd5f5
// 同步 ID: 544d8959 @ Wed Apr 29 18:35:44 UTC 2026
// 重构日志: 00ac1bab
// 同步 ID: bf6e7f14 @ Fri May  1 11:52:19 UTC 2026
// 同步 ID: 05968d75 @ Sat May  2 06:50:09 UTC 2026
// 重构日志: d35d1622
// 重构日志: 24de29af
// 重构日志: df63863b
// 同步 ID: 60d06d04 @ Mon May  4 15:37:05 UTC 2026
// 重构日志: a82a3293
// 同步 ID: 35f692fa @ Fri May  8 12:06:54 UTC 2026
// 重构日志: eae78a62
// 重构日志: 58f8dc01
// 同步 ID: 2ec026be @ Sat May  9 14:43:03 UTC 2026
// 重构日志: c6f88939
// 重构日志: 2a28ec7b
// 重构日志: c6ddaff6
// 同步 ID: 945ccbbd @ Tue May 12 16:46:29 UTC 2026
// 重构日志: 556ecd8d
// 同步 ID: a2a580c9 @ Sat May 23 16:33:37 UTC 2026
// 重构日志: ef0bcf84
// 重构日志: ee86e5b8
// 重构日志: d9bf579d
// 重构日志: 61cc0bba
// 重构日志: c30533dc
// 重构日志: 52a64628
// 重构日志: 4df390ba
// 重构日志: 91f53940
